c:\_projects\solution\rpc_demo\rpc_demo\debug\vc142.pdb
c:\_projects\solution\rpc_demo\rpc_demo\debug\vc142.idb
c:\_projects\solution\rpc_demo\rpc_demo\debug\rpc_demo.obj
c:\_projects\solution\rpc_demo\rpc_demo\debug\example1_s.obj
c:\_projects\solution\rpc_demo\rpc_demo\example1_c.c
c:\_projects\solution\rpc_demo\rpc_demo\example1_s.c
c:\_projects\solution\rpc_demo\rpc_demo\example1_h.h
c:\_projects\solution\rpc_demo\debug\rpc_demo.pdb
c:\_projects\solution\rpc_demo\rpc_demo\debug\rpc_demo.tlog\cl.command.1.tlog
c:\_projects\solution\rpc_demo\rpc_demo\debug\rpc_demo.tlog\cl.read.1.tlog
c:\_projects\solution\rpc_demo\rpc_demo\debug\rpc_demo.tlog\cl.write.1.tlog
c:\_projects\solution\rpc_demo\rpc_demo\debug\rpc_demo.tlog\link-cvtres.read.1.tlog
c:\_projects\solution\rpc_demo\rpc_demo\debug\rpc_demo.tlog\link-cvtres.write.1.tlog
c:\_projects\solution\rpc_demo\rpc_demo\debug\rpc_demo.tlog\link-rc.read.1.tlog
c:\_projects\solution\rpc_demo\rpc_demo\debug\rpc_demo.tlog\link-rc.write.1.tlog
c:\_projects\solution\rpc_demo\rpc_demo\debug\rpc_demo.tlog\link.command.1.tlog
c:\_projects\solution\rpc_demo\rpc_demo\debug\rpc_demo.tlog\link.read.1.tlog
c:\_projects\solution\rpc_demo\rpc_demo\debug\rpc_demo.tlog\link.write.1.tlog
c:\_projects\solution\rpc_demo\rpc_demo\debug\rpc_demo.tlog\midl.command.1.tlog
c:\_projects\solution\rpc_demo\rpc_demo\debug\rpc_demo.tlog\midl.read.1.tlog
c:\_projects\solution\rpc_demo\rpc_demo\debug\rpc_demo.tlog\midl.write.1.tlog
